<?xml version="1.0" encoding="UTF-8"?>
<testsuite name="engcom.std.labrest.LabrestApplicationTests" tests="1" skipped="0" failures="0" errors="0" timestamp="2023-03-18T23:59:39" hostname="LAPTOP-09M7QU3G" time="0.495">
  <properties/>
  <testcase name="contextLoads()" classname="engcom.std.labrest.LabrestApplicationTests" time="0.495"/>
  <system-out><![CDATA[20:59:36.251 [Test worker] DEBUG org.springframework.test.context.BootstrapUtils - Instantiating CacheAwareContextLoaderDelegate from class [org.springframework.test.context.cache.DefaultCacheAwareContextLoaderDelegate]
20:59:36.261 [Test worker] DEBUG org.springframework.test.context.BootstrapUtils - Instantiating BootstrapContext using constructor [public org.springframework.test.context.support.DefaultBootstrapContext(java.lang.Class,org.springframework.test.context.CacheAwareContextLoaderDelegate)]
20:59:36.297 [Test worker] DEBUG org.springframework.test.context.BootstrapUtils - Instantiating TestContextBootstrapper for test class [engcom.std.labrest.LabrestApplicationTests] from class [org.springframework.boot.test.context.SpringBootTestContextBootstrapper]
20:59:36.311 [Test worker] INFO org.springframework.boot.test.context.SpringBootTestContextBootstrapper - Neither @ContextConfiguration nor @ContextHierarchy found for test class [engcom.std.labrest.LabrestApplicationTests], using SpringBootContextLoader
20:59:36.316 [Test worker] DEBUG org.springframework.test.context.support.AbstractContextLoader - Did not detect default resource location for test class [engcom.std.labrest.LabrestApplicationTests]: class path resource [engcom/std/labrest/LabrestApplicationTests-context.xml] does not exist
20:59:36.317 [Test worker] DEBUG org.springframework.test.context.support.AbstractContextLoader - Did not detect default resource location for test class [engcom.std.labrest.LabrestApplicationTests]: class path resource [engcom/std/labrest/LabrestApplicationTestsContext.groovy] does not exist
20:59:36.317 [Test worker] INFO org.springframework.test.context.support.AbstractContextLoader - Could not detect default resource locations for test class [engcom.std.labrest.LabrestApplicationTests]: no resource found for suffixes {-context.xml, Context.groovy}.
20:59:36.317 [Test worker] INFO org.springframework.test.context.support.AnnotationConfigContextLoaderUtils - Could not detect default configuration classes for test class [engcom.std.labrest.LabrestApplicationTests]: LabrestApplicationTests does not declare any static, non-private, non-final, nested classes annotated with @Configuration.
20:59:36.364 [Test worker] DEBUG org.springframework.test.context.support.ActiveProfilesUtils - Could not find an 'annotation declaring class' for annotation type [org.springframework.test.context.ActiveProfiles] and class [engcom.std.labrest.LabrestApplicationTests]
20:59:36.443 [Test worker] DEBUG org.springframework.context.annotation.ClassPathScanningCandidateComponentProvider - Identified candidate component class: file [C:\Users\ruanr\Documents\cursoJava\labrest\build\classes\java\main\engcom\std\labrest\LabrestApplication.class]
20:59:36.445 [Test worker] INFO org.springframework.boot.test.context.SpringBootTestContextBootstrapper - Found @SpringBootConfiguration engcom.std.labrest.LabrestApplication for test class engcom.std.labrest.LabrestApplicationTests
20:59:36.592 [Test worker] DEBUG org.springframework.boot.test.context.SpringBootTestContextBootstrapper - @TestExecutionListeners is not present for class [engcom.std.labrest.LabrestApplicationTests]: using defaults.
20:59:36.593 [Test worker] INFO org.springframework.boot.test.context.SpringBootTestContextBootstrapper - Loaded default TestExecutionListener class names from location [META-INF/spring.factories]: [org.springframework.boot.test.autoconfigure.restdocs.RestDocsTestExecutionListener, org.springframework.boot.test.autoconfigure.web.client.MockRestServiceServerResetTestExecutionListener, org.springframework.boot.test.autoconfigure.web.servlet.MockMvcPrintOnlyOnFailureTestExecutionListener, org.springframework.boot.test.autoconfigure.web.servlet.WebDriverTestExecutionListener, org.springframework.boot.test.autoconfigure.webservices.client.MockWebServiceServerTestExecutionListener, org.springframework.boot.test.mock.mockito.MockitoTestExecutionListener, org.springframework.boot.test.mock.mockito.ResetMocksTestExecutionListener, org.springframework.test.context.web.ServletTestExecutionListener, org.springframework.test.context.support.DirtiesContextBeforeModesTestExecutionListener, org.springframework.test.context.event.ApplicationEventsTestExecutionListener, org.springframework.test.context.support.DependencyInjectionTestExecutionListener, org.springframework.test.context.support.DirtiesContextTestExecutionListener, org.springframework.test.context.transaction.TransactionalTestExecutionListener, org.springframework.test.context.jdbc.SqlScriptsTestExecutionListener, org.springframework.test.context.event.EventPublishingTestExecutionListener]
20:59:36.610 [Test worker] DEBUG org.springframework.boot.test.context.SpringBootTestContextBootstrapper - Skipping candidate TestExecutionListener [org.springframework.test.context.transaction.TransactionalTestExecutionListener] due to a missing dependency. Specify custom listener classes or make the default listener classes and their required dependencies available. Offending class: [org/springframework/transaction/interceptor/TransactionAttributeSource]
20:59:36.611 [Test worker] DEBUG org.springframework.boot.test.context.SpringBootTestContextBootstrapper - Skipping candidate TestExecutionListener [org.springframework.test.context.jdbc.SqlScriptsTestExecutionListener] due to a missing dependency. Specify custom listener classes or make the default listener classes and their required dependencies available. Offending class: [org/springframework/transaction/interceptor/TransactionAttribute]
20:59:36.611 [Test worker] INFO org.springframework.boot.test.context.SpringBootTestContextBootstrapper - Using TestExecutionListeners: [org.springframework.test.context.web.ServletTestExecutionListener@346939bf, org.springframework.test.context.support.DirtiesContextBeforeModesTestExecutionListener@4bf3798b, org.springframework.test.context.event.ApplicationEventsTestExecutionListener@58670130, org.springframework.boot.test.mock.mockito.MockitoTestExecutionListener@74e47444, org.springframework.boot.test.autoconfigure.SpringBootDependencyInjectionTestExecutionListener@9bd0fa6, org.springframework.test.context.support.DirtiesContextTestExecutionListener@59d2103b, org.springframework.test.context.event.EventPublishingTestExecutionListener@39dcf4b0, org.springframework.boot.test.autoconfigure.restdocs.RestDocsTestExecutionListener@6e4de19b, org.springframework.boot.test.autoconfigure.web.client.MockRestServiceServerResetTestExecutionListener@f6c03cb, org.springframework.boot.test.autoconfigure.web.servlet.MockMvcPrintOnlyOnFailureTestExecutionListener@46f699d5, org.springframework.boot.test.autoconfigure.web.servlet.WebDriverTestExecutionListener@18518ccf, org.springframework.boot.test.autoconfigure.webservices.client.MockWebServiceServerTestExecutionListener@1991f767, org.springframework.boot.test.mock.mockito.ResetMocksTestExecutionListener@768ccdc5]
20:59:36.617 [Test worker] DEBUG org.springframework.test.context.support.AbstractDirtiesContextTestExecutionListener - Before test class: context [DefaultTestContext@4ae33a11 testClass = LabrestApplicationTests, testInstance = [null], testMethod = [null], testException = [null], mergedContextConfiguration = [WebMergedContextConfiguration@7a48e6e2 testClass = LabrestApplicationTests, locations = '{}', classes = '{class engcom.std.labrest.LabrestApplication}', contextInitializerClasses = '[]', activeProfiles = '{}', propertySourceLocations = '{}', propertySourceProperties = '{org.springframework.boot.test.context.SpringBootTestContextBootstrapper=true}', contextCustomizers = set[org.springframework.boot.test.autoconfigure.actuate.metrics.MetricsExportContextCustomizerFactory$DisableMetricExportContextCustomizer@73194df, org.springframework.boot.test.autoconfigure.properties.PropertyMappingContextCustomizer@0, org.springframework.boot.test.autoconfigure.web.servlet.WebDriverContextCustomizerFactory$Customizer@34f22f9d, org.springframework.boot.test.context.filter.ExcludeFilterContextCustomizer@344f4dea, org.springframework.boot.test.json.DuplicateJsonObjectContextCustomizerFactory$DuplicateJsonObjectContextCustomizer@53de625d, org.springframework.boot.test.mock.mockito.MockitoContextCustomizer@0, org.springframework.boot.test.web.client.TestRestTemplateContextCustomizer@74f5ce22, org.springframework.boot.test.context.SpringBootTestArgs@1, org.springframework.boot.test.context.SpringBootTestWebEnvironment@6bedbc4d], resourceBasePath = 'src/main/webapp', contextLoader = 'org.springframework.boot.test.context.SpringBootContextLoader', parent = [null]], attributes = map['org.springframework.test.context.web.ServletTestExecutionListener.activateListener' -> true]], class annotated with @DirtiesContext [false] with mode [null].

  .   ____          _            __ _ _
 /\\ / ___'_ __ _ _(_)_ __  __ _ \ \ \ \
( ( )\___ | '_ | '_| | '_ \/ _` | \ \ \ \
 \\/  ___)| |_)| | | | | || (_| |  ) ) ) )
  '  |____| .__|_| |_|_| |_\__, | / / / /
 =========|_|==============|___/=/_/_/_/
 :: Spring Boot ::                (v2.7.9)

2023-03-18 20:59:37.035  INFO 5260 --- [    Test worker] e.std.labrest.LabrestApplicationTests    : Starting LabrestApplicationTests using Java 17.0.6 on LAPTOP-09M7QU3G with PID 5260 (started by ruanr in C:\Users\ruanr\Documents\cursoJava\labrest)
2023-03-18 20:59:37.037  INFO 5260 --- [    Test worker] e.std.labrest.LabrestApplicationTests    : No active profile set, falling back to 1 default profile: "default"
2023-03-18 20:59:39.431  INFO 5260 --- [    Test worker] e.std.labrest.LabrestApplicationTests    : Started LabrestApplicationTests in 2.756 seconds (JVM running for 4.284)
]]></system-out>
  <system-err><![CDATA[]]></system-err>
</testsuite>
